<?xml version="1.0" encoding="UTF-8"?>
<!-- Generated by org.testng.reporters.JUnitReportReporter -->
<testsuite hostname="sam" name="com.ppdai.exception.ExtExceptionsTest" tests="3" failures="0" timestamp="10 Nov 2016 09:52:03 GMT" time="0.079" errors="0">
  <testcase name="getStackTraceAsString" time="0.006" classname="com.ppdai.exception.ExtExceptionsTest"/>
  <testcase name="isCausedBy" time="0.002" classname="com.ppdai.exception.ExtExceptionsTest"/>
  <testcase name="unchecked" time="0.071" classname="com.ppdai.exception.ExtExceptionsTest"/>
</testsuite> <!-- com.ppdai.exception.ExtExceptionsTest -->
