<?xml version="1.0" encoding="UTF-8"?>
<!-- Generated by org.testng.reporters.JUnitReportReporter -->
<testsuite hostname="sam" name="com.ppdai.AppTest" tests="1" failures="0" timestamp="10 Nov 2016 09:52:39 GMT" time="0.041" errors="0">
  <testcase name="testApp" time="0.041" classname="com.ppdai.AppTest"/>
</testsuite> <!-- com.ppdai.AppTest -->
